<?xml version="1.0" encoding="UTF-8"?>
<!-- Generated by org.testng.reporters.JUnitReportReporter -->
<testsuite hostname="DESKTOP-B2MH9QE" failures="0" tests="1" name="SeleniumPractice.Utilities.PageScreenShot" time="18.683" errors="0" timestamp="2023-01-31T00:43:23 EST" skipped="0">
  <testcase classname="SeleniumPractice.Utilities.PageScreenShot" name="TakeScreenShot" time="18.683"/>
  <system-out/>
</testsuite> <!-- SeleniumPractice.Utilities.PageScreenShot -->
